<?xml version="1.0" encoding="UTF-8"?>
<testsuite xmlns:xsi="http://www.w3.org/2001/XMLSchema-instance" xsi:noNamespaceSchemaLocation="https://maven.apache.org/surefire/maven-surefire-plugin/xsd/surefire-test-report.xsd" version="3.0.2" name="com.example.spring_boot_ensf480_api_server.SpringBootEnsf480ApiServerApplicationTests" time="18.039" tests="1" errors="0" skipped="0" failures="0">
  <properties>
[...]
</properties>
  <testcase name="contextLoads" classname="com.example.spring_boot_ensf480_api_server.SpringBootEnsf480ApiServerApplicationTests" time="0.743">
    <system-out><![CDATA[22:29:37.688 [main] INFO org.springframework.test.context.support.AnnotationConfigContextLoaderUtils -- Could not detect default configuration classes for test class [com.example.spring_boot_ensf480_api_server.SpringBootEnsf480ApiServerApplicationTests]: SpringBootEnsf480ApiServerApplicationTests does not declare any static, non-private, non-final, nested classes annotated with @Configuration.
22:29:37.914 [main] INFO org.springframework.boot.test.context.SpringBootTestContextBootstrapper -- Found @SpringBootConfiguration com.example.spring_boot_ensf480_api_server.SpringBootEnsf480ApiServerApplication for test class com.example.spring_boot_ensf480_api_server.SpringBootEnsf480ApiServerApplicationTests
22:29:38.215 [main] INFO org.springframework.boot.devtools.restart.RestartApplicationListener -- Restart disabled due to context in which it is running

  .   ____          _            __ _ _
 /\\ / ___'_ __ _ _(_)_ __  __ _ \ \ \ \
( ( )\___ | '_ | '_| | '_ \/ _` | \ \ \ \
 \\/  ___)| |_)| | | | | || (_| |  ) ) ) )
  '  |____| .__|_| |_|_| |_\__, | / / / /
 =========|_|==============|___/=/_/_/_/

 :: Spring Boot ::                (v3.4.0)

2024-12-01T22:29:38.966-07:00  INFO 8032 --- [spring-boot-ensf480-api-server] [           main] ringBootEnsf480ApiServerApplicationTests : Starting SpringBootEnsf480ApiServerApplicationTests using Java 21.0.4 with PID 8032 (started by Elegr in C:\Users\Elegr\Homework\vscode_projects\ENSF_381\ENSF480-Term-Project\backend\spring-boot-ensf480-api-server)
2024-12-01T22:29:38.970-07:00  INFO 8032 --- [spring-boot-ensf480-api-server] [           main] ringBootEnsf480ApiServerApplicationTests : No active profile set, falling back to 1 default profile: "default"
2024-12-01T22:29:41.651-07:00  INFO 8032 --- [spring-boot-ensf480-api-server] [           main] .s.d.r.c.RepositoryConfigurationDelegate : Bootstrapping Spring Data JPA repositories in DEFAULT mode.
2024-12-01T22:29:41.812-07:00  INFO 8032 --- [spring-boot-ensf480-api-server] [           main] .s.d.r.c.RepositoryConfigurationDelegate : Finished Spring Data repository scanning in 133 ms. Found 5 JPA repository interfaces.
2024-12-01T22:29:44.401-07:00  INFO 8032 --- [spring-boot-ensf480-api-server] [           main] o.hibernate.jpa.internal.util.LogHelper  : HHH000204: Processing PersistenceUnitInfo [name: default]
2024-12-01T22:29:44.707-07:00  INFO 8032 --- [spring-boot-ensf480-api-server] [           main] org.hibernate.Version                    : HHH000412: Hibernate ORM core version 6.6.2.Final
2024-12-01T22:29:44.875-07:00  INFO 8032 --- [spring-boot-ensf480-api-server] [           main] o.h.c.internal.RegionFactoryInitiator    : HHH000026: Second-level cache disabled
2024-12-01T22:29:45.438-07:00  INFO 8032 --- [spring-boot-ensf480-api-server] [           main] o.s.o.j.p.SpringPersistenceUnitInfo      : No LoadTimeWeaver setup: ignoring JPA class transformer
2024-12-01T22:29:45.481-07:00  INFO 8032 --- [spring-boot-ensf480-api-server] [           main] com.zaxxer.hikari.HikariDataSource       : HikariPool-1 - Starting...
2024-12-01T22:29:46.002-07:00  INFO 8032 --- [spring-boot-ensf480-api-server] [           main] com.zaxxer.hikari.pool.HikariPool        : HikariPool-1 - Added connection com.mysql.cj.jdbc.ConnectionImpl@4a2d66e
2024-12-01T22:29:46.005-07:00  INFO 8032 --- [spring-boot-ensf480-api-server] [           main] com.zaxxer.hikari.HikariDataSource       : HikariPool-1 - Start completed.
2024-12-01T22:29:46.215-07:00  WARN 8032 --- [spring-boot-ensf480-api-server] [           main] org.hibernate.orm.deprecation            : HHH90000025: MySQLDialect does not need to be specified explicitly using 'hibernate.dialect' (remove the property setting and it will be selected by default)
2024-12-01T22:29:46.268-07:00  INFO 8032 --- [spring-boot-ensf480-api-server] [           main] org.hibernate.orm.connections.pooling    : HHH10001005: Database info:
	Database JDBC URL [Connecting through datasource 'HikariDataSource (HikariPool-1)']
	Database driver: undefined/unknown
	Database version: 8.0.35
	Autocommit mode: undefined/unknown
	Isolation level: undefined/unknown
	Minimum pool size: undefined/unknown
	Maximum pool size: undefined/unknown
2024-12-01T22:29:48.030-07:00  INFO 8032 --- [spring-boot-ensf480-api-server] [           main] o.h.e.t.j.p.i.JtaPlatformInitiator       : HHH000489: No JTA platform available (set 'hibernate.transaction.jta.platform' to enable JTA platform integration)
Hibernate: create table movies_theaters (movies_movie_name varchar(255) not null, theaters_theater_id integer not null, primary key (movies_movie_name, theaters_theater_id)) engine=InnoDB
Hibernate: alter table shows drop index UKd5sbbp24ciwu0iqkerjyo29tu
Hibernate: alter table shows add constraint UKd5sbbp24ciwu0iqkerjyo29tu unique (show_id, ticket_price)
Hibernate: alter table movies_theaters add constraint FKsqupurvbrelb6v25c19ktne27 foreign key (theaters_theater_id) references theaters (theater_id)
Hibernate: alter table movies_theaters add constraint FKs1tr2y2nabqpykwcinqnqo1bs foreign key (movies_movie_name) references movies (movie_name)
2024-12-01T22:29:49.060-07:00  INFO 8032 --- [spring-boot-ensf480-api-server] [           main] j.LocalContainerEntityManagerFactoryBean : Initialized JPA EntityManagerFactory for persistence unit 'default'
2024-12-01T22:29:51.360-07:00  WARN 8032 --- [spring-boot-ensf480-api-server] [           main] JpaBaseConfiguration$JpaWebConfiguration : spring.jpa.open-in-view is enabled by default. Therefore, database queries may be performed during view rendering. Explicitly configure spring.jpa.open-in-view to disable this warning
2024-12-01T22:29:51.595-07:00  INFO 8032 --- [spring-boot-ensf480-api-server] [           main] o.s.b.a.w.s.WelcomePageHandlerMapping    : Adding welcome page: class path resource [static/index.html]
2024-12-01T22:29:54.082-07:00  INFO 8032 --- [spring-boot-ensf480-api-server] [           main] o.s.b.a.e.web.EndpointLinksResolver      : Exposing 1 endpoint beneath base path '/actuator'
2024-12-01T22:29:54.291-07:00  INFO 8032 --- [spring-boot-ensf480-api-server] [           main] ringBootEnsf480ApiServerApplicationTests : Started SpringBootEnsf480ApiServerApplicationTests in 16.105 seconds (process running for 18.361)
]]></system-out>
    <system-err><![CDATA[Mockito is currently self-attaching to enable the inline-mock-maker. This will no longer work in future releases of the JDK. Please add Mockito as an agent to your build what is described in Mockito's documentation: https://javadoc.io/doc/org.mockito/mockito-core/latest/org/mockito/Mockito.html#0.3
WARNING: A Java agent has been loaded dynamically (C:\Users\Elegr\.m2\repository\net\bytebuddy\byte-buddy-agent\1.15.10\byte-buddy-agent-1.15.10.jar)
WARNING: If a serviceability tool is in use, please run with -XX:+EnableDynamicAgentLoading to hide this warning
WARNING: If a serviceability tool is not in use, please run with -Djdk.instrument.traceUsage for more information
WARNING: Dynamic loading of agents will be disallowed by default in a future release
]]></system-err>
  </testcase>
</testsuite>